<?xml version="1.0" encoding="UTF-8"?>
<testng-results ignored="0" total="26" passed="26" failed="0" skipped="0">
  <reporter-output>
  </reporter-output>
  <suite started-at="2022-12-05T16:57:46 IST" name="UsersRestAPISuite" finished-at="2022-12-05T16:58:02 IST" duration-ms="15486">
    <groups>
    </groups>
    <test started-at="2022-12-05T16:57:46 IST" name="UsersRestAPITest" finished-at="2022-12-05T16:58:02 IST" duration-ms="15486">
      <class name="com.usersapi.testcases.TC005_Delete_UserRecord">
        <test-method is-config="true" signature="setup()[pri:0, instance:com.usersapi.testcases.TC005_Delete_UserRecord@76a4ebf2]" started-at="2022-12-05T16:57:59 IST" name="setup" finished-at="2022-12-05T16:57:59 IST" duration-ms="4" status="PASS">
          <reporter-output>
          </reporter-output>
        </test-method> <!-- setup -->
        <test-method is-config="true" signature="deleteUserRecord()[pri:0, instance:com.usersapi.testcases.TC005_Delete_UserRecord@76a4ebf2]" started-at="2022-12-05T16:57:59 IST" name="deleteUserRecord" finished-at="2022-12-05T16:58:02 IST" duration-ms="2149" status="PASS">
          <reporter-output>
          </reporter-output>
        </test-method> <!-- deleteUserRecord -->
        <test-method signature="checkContentEncoding()[pri:0, instance:com.usersapi.testcases.TC005_Delete_UserRecord@76a4ebf2]" started-at="2022-12-05T16:58:02 IST" name="checkContentEncoding" finished-at="2022-12-05T16:58:02 IST" duration-ms="3" status="PASS">
          <reporter-output>
          </reporter-output>
        </test-method> <!-- checkContentEncoding -->
        <test-method signature="checkContentType()[pri:0, instance:com.usersapi.testcases.TC005_Delete_UserRecord@76a4ebf2]" started-at="2022-12-05T16:58:02 IST" name="checkContentType" finished-at="2022-12-05T16:58:02 IST" duration-ms="5" status="PASS">
          <reporter-output>
          </reporter-output>
        </test-method> <!-- checkContentType -->
        <test-method signature="checkResponseBody()[pri:0, instance:com.usersapi.testcases.TC005_Delete_UserRecord@76a4ebf2]" started-at="2022-12-05T16:58:02 IST" name="checkResponseBody" finished-at="2022-12-05T16:58:02 IST" duration-ms="6" status="PASS">
          <reporter-output>
          </reporter-output>
        </test-method> <!-- checkResponseBody -->
        <test-method signature="checkResponseTime()[pri:0, instance:com.usersapi.testcases.TC005_Delete_UserRecord@76a4ebf2]" started-at="2022-12-05T16:58:02 IST" name="checkResponseTime" finished-at="2022-12-05T16:58:02 IST" duration-ms="5" status="PASS">
          <reporter-output>
          </reporter-output>
        </test-method> <!-- checkResponseTime -->
        <test-method signature="checkServerType()[pri:0, instance:com.usersapi.testcases.TC005_Delete_UserRecord@76a4ebf2]" started-at="2022-12-05T16:58:02 IST" name="checkServerType" finished-at="2022-12-05T16:58:02 IST" duration-ms="6" status="PASS">
          <reporter-output>
          </reporter-output>
        </test-method> <!-- checkServerType -->
        <test-method signature="checkStatusCode()[pri:0, instance:com.usersapi.testcases.TC005_Delete_UserRecord@76a4ebf2]" started-at="2022-12-05T16:58:02 IST" name="checkStatusCode" finished-at="2022-12-05T16:58:02 IST" duration-ms="9" status="PASS">
          <reporter-output>
          </reporter-output>
        </test-method> <!-- checkStatusCode -->
        <test-method is-config="true" signature="tearDown()[pri:0, instance:com.usersapi.testcases.TC005_Delete_UserRecord@76a4ebf2]" started-at="2022-12-05T16:58:02 IST" name="tearDown" finished-at="2022-12-05T16:58:02 IST" duration-ms="2" status="PASS">
          <reporter-output>
          </reporter-output>
        </test-method> <!-- tearDown -->
      </class> <!-- com.usersapi.testcases.TC005_Delete_UserRecord -->
      <class name="com.usersapi.testcases.TC003_Post_CreateUser">
        <test-method is-config="true" signature="setup()[pri:0, instance:com.usersapi.testcases.TC003_Post_CreateUser@6892b3b6]" started-at="2022-12-05T16:57:54 IST" name="setup" finished-at="2022-12-05T16:57:54 IST" duration-ms="7" status="PASS">
          <reporter-output>
          </reporter-output>
        </test-method> <!-- setup -->
        <test-method is-config="true" signature="createUser()[pri:0, instance:com.usersapi.testcases.TC003_Post_CreateUser@6892b3b6]" started-at="2022-12-05T16:57:54 IST" name="createUser" finished-at="2022-12-05T16:57:57 IST" duration-ms="2689" status="PASS">
          <reporter-output>
          </reporter-output>
        </test-method> <!-- createUser -->
        <test-method signature="checkContentType()[pri:0, instance:com.usersapi.testcases.TC003_Post_CreateUser@6892b3b6]" started-at="2022-12-05T16:57:57 IST" name="checkContentType" finished-at="2022-12-05T16:57:57 IST" duration-ms="4" status="PASS">
          <reporter-output>
          </reporter-output>
        </test-method> <!-- checkContentType -->
        <test-method signature="checkResponseBody()[pri:0, instance:com.usersapi.testcases.TC003_Post_CreateUser@6892b3b6]" started-at="2022-12-05T16:57:57 IST" name="checkResponseBody" finished-at="2022-12-05T16:57:57 IST" duration-ms="12" status="PASS">
          <reporter-output>
          </reporter-output>
        </test-method> <!-- checkResponseBody -->
        <test-method signature="checkServerType()[pri:0, instance:com.usersapi.testcases.TC003_Post_CreateUser@6892b3b6]" started-at="2022-12-05T16:57:57 IST" name="checkServerType" finished-at="2022-12-05T16:57:57 IST" duration-ms="5" status="PASS">
          <reporter-output>
          </reporter-output>
        </test-method> <!-- checkServerType -->
        <test-method signature="checkStatusCode()[pri:0, instance:com.usersapi.testcases.TC003_Post_CreateUser@6892b3b6]" started-at="2022-12-05T16:57:57 IST" name="checkStatusCode" finished-at="2022-12-05T16:57:57 IST" duration-ms="5" status="PASS">
          <reporter-output>
          </reporter-output>
        </test-method> <!-- checkStatusCode -->
        <test-method is-config="true" signature="tearDown()[pri:0, instance:com.usersapi.testcases.TC003_Post_CreateUser@6892b3b6]" started-at="2022-12-05T16:57:57 IST" name="tearDown" finished-at="2022-12-05T16:57:57 IST" duration-ms="2" status="PASS">
          <reporter-output>
          </reporter-output>
        </test-method> <!-- tearDown -->
      </class> <!-- com.usersapi.testcases.TC003_Post_CreateUser -->
      <class name="com.usersapi.testcases.TC001_Get_ListUsers">
        <test-method is-config="true" signature="setup()[pri:0, instance:com.usersapi.testcases.TC001_Get_ListUsers@2a265ea9]" started-at="2022-12-05T16:57:47 IST" name="setup" finished-at="2022-12-05T16:57:47 IST" duration-ms="53" status="PASS">
          <reporter-output>
          </reporter-output>
        </test-method> <!-- setup -->
        <test-method is-config="true" signature="getListUsers()[pri:0, instance:com.usersapi.testcases.TC001_Get_ListUsers@2a265ea9]" started-at="2022-12-05T16:57:47 IST" name="getListUsers" finished-at="2022-12-05T16:57:53 IST" duration-ms="5978" status="PASS">
          <reporter-output>
          </reporter-output>
        </test-method> <!-- getListUsers -->
        <test-method signature="checkContentEncoding()[pri:0, instance:com.usersapi.testcases.TC001_Get_ListUsers@2a265ea9]" started-at="2022-12-05T16:57:53 IST" name="checkContentEncoding" finished-at="2022-12-05T16:57:53 IST" duration-ms="114" status="PASS">
          <reporter-output>
          </reporter-output>
        </test-method> <!-- checkContentEncoding -->
        <test-method signature="checkContentType()[pri:0, instance:com.usersapi.testcases.TC001_Get_ListUsers@2a265ea9]" started-at="2022-12-05T16:57:53 IST" name="checkContentType" finished-at="2022-12-05T16:57:53 IST" duration-ms="5" status="PASS">
          <reporter-output>
          </reporter-output>
        </test-method> <!-- checkContentType -->
        <test-method signature="checkResponseBody()[pri:0, instance:com.usersapi.testcases.TC001_Get_ListUsers@2a265ea9]" started-at="2022-12-05T16:57:53 IST" name="checkResponseBody" finished-at="2022-12-05T16:57:53 IST" duration-ms="229" status="PASS">
          <reporter-output>
          </reporter-output>
        </test-method> <!-- checkResponseBody -->
        <test-method signature="checkResponseTime()[pri:0, instance:com.usersapi.testcases.TC001_Get_ListUsers@2a265ea9]" started-at="2022-12-05T16:57:53 IST" name="checkResponseTime" finished-at="2022-12-05T16:57:54 IST" duration-ms="14" status="PASS">
          <reporter-output>
          </reporter-output>
        </test-method> <!-- checkResponseTime -->
        <test-method signature="checkServerType()[pri:0, instance:com.usersapi.testcases.TC001_Get_ListUsers@2a265ea9]" started-at="2022-12-05T16:57:54 IST" name="checkServerType" finished-at="2022-12-05T16:57:54 IST" duration-ms="5" status="PASS">
          <reporter-output>
          </reporter-output>
        </test-method> <!-- checkServerType -->
        <test-method signature="checkStatusCode()[pri:0, instance:com.usersapi.testcases.TC001_Get_ListUsers@2a265ea9]" started-at="2022-12-05T16:57:54 IST" name="checkStatusCode" finished-at="2022-12-05T16:57:54 IST" duration-ms="8" status="PASS">
          <reporter-output>
          </reporter-output>
        </test-method> <!-- checkStatusCode -->
        <test-method is-config="true" signature="tearDown()[pri:0, instance:com.usersapi.testcases.TC001_Get_ListUsers@2a265ea9]" started-at="2022-12-05T16:57:54 IST" name="tearDown" finished-at="2022-12-05T16:57:54 IST" duration-ms="3" status="PASS">
          <reporter-output>
          </reporter-output>
        </test-method> <!-- tearDown -->
      </class> <!-- com.usersapi.testcases.TC001_Get_ListUsers -->
      <class name="com.usersapi.testcases.TC002_Get_SingleUser">
        <test-method is-config="true" signature="setup()[pri:0, instance:com.usersapi.testcases.TC002_Get_SingleUser@11392934]" started-at="2022-12-05T16:57:54 IST" name="setup" finished-at="2022-12-05T16:57:54 IST" duration-ms="6" status="PASS">
          <reporter-output>
          </reporter-output>
        </test-method> <!-- setup -->
        <test-method is-config="true" signature="getSingleUser()[pri:0, instance:com.usersapi.testcases.TC002_Get_SingleUser@11392934]" started-at="2022-12-05T16:57:54 IST" name="getSingleUser" finished-at="2022-12-05T16:57:54 IST" duration-ms="211" status="PASS">
          <reporter-output>
          </reporter-output>
        </test-method> <!-- getSingleUser -->
        <test-method signature="checkContentEncoding()[pri:0, instance:com.usersapi.testcases.TC002_Get_SingleUser@11392934]" started-at="2022-12-05T16:57:54 IST" name="checkContentEncoding" finished-at="2022-12-05T16:57:54 IST" duration-ms="7" status="PASS">
          <reporter-output>
          </reporter-output>
        </test-method> <!-- checkContentEncoding -->
        <test-method signature="checkContentType()[pri:0, instance:com.usersapi.testcases.TC002_Get_SingleUser@11392934]" started-at="2022-12-05T16:57:54 IST" name="checkContentType" finished-at="2022-12-05T16:57:54 IST" duration-ms="7" status="PASS">
          <reporter-output>
          </reporter-output>
        </test-method> <!-- checkContentType -->
        <test-method signature="checkResponseBody()[pri:0, instance:com.usersapi.testcases.TC002_Get_SingleUser@11392934]" started-at="2022-12-05T16:57:54 IST" name="checkResponseBody" finished-at="2022-12-05T16:57:54 IST" duration-ms="22" status="PASS">
          <reporter-output>
          </reporter-output>
        </test-method> <!-- checkResponseBody -->
        <test-method signature="checkResponseTime()[pri:0, instance:com.usersapi.testcases.TC002_Get_SingleUser@11392934]" started-at="2022-12-05T16:57:54 IST" name="checkResponseTime" finished-at="2022-12-05T16:57:54 IST" duration-ms="6" status="PASS">
          <reporter-output>
          </reporter-output>
        </test-method> <!-- checkResponseTime -->
        <test-method signature="checkServerType()[pri:0, instance:com.usersapi.testcases.TC002_Get_SingleUser@11392934]" started-at="2022-12-05T16:57:54 IST" name="checkServerType" finished-at="2022-12-05T16:57:54 IST" duration-ms="6" status="PASS">
          <reporter-output>
          </reporter-output>
        </test-method> <!-- checkServerType -->
        <test-method signature="checkStatusCode()[pri:0, instance:com.usersapi.testcases.TC002_Get_SingleUser@11392934]" started-at="2022-12-05T16:57:54 IST" name="checkStatusCode" finished-at="2022-12-05T16:57:54 IST" duration-ms="11" status="PASS">
          <reporter-output>
          </reporter-output>
        </test-method> <!-- checkStatusCode -->
        <test-method is-config="true" signature="tearDown()[pri:0, instance:com.usersapi.testcases.TC002_Get_SingleUser@11392934]" started-at="2022-12-05T16:57:54 IST" name="tearDown" finished-at="2022-12-05T16:57:54 IST" duration-ms="2" status="PASS">
          <reporter-output>
          </reporter-output>
        </test-method> <!-- tearDown -->
      </class> <!-- com.usersapi.testcases.TC002_Get_SingleUser -->
      <class name="com.usersapi.testcases.TC004_Put_UpdateExistingUserData">
        <test-method is-config="true" signature="setup()[pri:0, instance:com.usersapi.testcases.TC004_Put_UpdateExistingUserData@6e6f2380]" started-at="2022-12-05T16:57:57 IST" name="setup" finished-at="2022-12-05T16:57:57 IST" duration-ms="5" status="PASS">
          <reporter-output>
          </reporter-output>
        </test-method> <!-- setup -->
        <test-method is-config="true" signature="updateExistingUserData()[pri:0, instance:com.usersapi.testcases.TC004_Put_UpdateExistingUserData@6e6f2380]" started-at="2022-12-05T16:57:57 IST" name="updateExistingUserData" finished-at="2022-12-05T16:57:59 IST" duration-ms="2520" status="PASS">
          <reporter-output>
          </reporter-output>
        </test-method> <!-- updateExistingUserData -->
        <test-method signature="checkContentType()[pri:0, instance:com.usersapi.testcases.TC004_Put_UpdateExistingUserData@6e6f2380]" started-at="2022-12-05T16:57:59 IST" name="checkContentType" finished-at="2022-12-05T16:57:59 IST" duration-ms="8" status="PASS">
          <reporter-output>
          </reporter-output>
        </test-method> <!-- checkContentType -->
        <test-method signature="checkResponseBody()[pri:0, instance:com.usersapi.testcases.TC004_Put_UpdateExistingUserData@6e6f2380]" started-at="2022-12-05T16:57:59 IST" name="checkResponseBody" finished-at="2022-12-05T16:57:59 IST" duration-ms="17" status="PASS">
          <reporter-output>
          </reporter-output>
        </test-method> <!-- checkResponseBody -->
        <test-method signature="checkServerType()[pri:0, instance:com.usersapi.testcases.TC004_Put_UpdateExistingUserData@6e6f2380]" started-at="2022-12-05T16:57:59 IST" name="checkServerType" finished-at="2022-12-05T16:57:59 IST" duration-ms="6" status="PASS">
          <reporter-output>
          </reporter-output>
        </test-method> <!-- checkServerType -->
        <test-method signature="checkStatusCode()[pri:0, instance:com.usersapi.testcases.TC004_Put_UpdateExistingUserData@6e6f2380]" started-at="2022-12-05T16:57:59 IST" name="checkStatusCode" finished-at="2022-12-05T16:57:59 IST" duration-ms="7" status="PASS">
          <reporter-output>
          </reporter-output>
        </test-method> <!-- checkStatusCode -->
        <test-method is-config="true" signature="tearDown()[pri:0, instance:com.usersapi.testcases.TC004_Put_UpdateExistingUserData@6e6f2380]" started-at="2022-12-05T16:57:59 IST" name="tearDown" finished-at="2022-12-05T16:57:59 IST" duration-ms="3" status="PASS">
          <reporter-output>
          </reporter-output>
        </test-method> <!-- tearDown -->
      </class> <!-- com.usersapi.testcases.TC004_Put_UpdateExistingUserData -->
    </test> <!-- UsersRestAPITest -->
  </suite> <!-- UsersRestAPISuite -->
</testng-results>
