<?xml version="1.0" encoding="UTF-8"?>
<!-- Generated by org.testng.reporters.JUnitXMLReporter -->
<testsuite ignored="0" hostname="DESKTOP-MPFHL4S" failures="0" tests="26" name="UsersRestAPITest" time="15.922" errors="0" timestamp="2022-12-08T12:06:22 IST">
  <testcase classname="com.usersapi.testcases.TC001_Get_ListUsers" name="checkContentEncoding" time="0.211"/>
  <testcase classname="com.usersapi.testcases.TC001_Get_ListUsers" name="checkContentType" time="0.006"/>
  <testcase classname="com.usersapi.testcases.TC001_Get_ListUsers" name="checkResponseBody" time="0.23"/>
  <testcase classname="com.usersapi.testcases.TC001_Get_ListUsers" name="checkResponseTime" time="0.009"/>
  <testcase classname="com.usersapi.testcases.TC001_Get_ListUsers" name="checkServerType" time="0.017"/>
  <testcase classname="com.usersapi.testcases.TC001_Get_ListUsers" name="checkStatusCode" time="0.008"/>
  <testcase classname="com.usersapi.testcases.TC002_Get_SingleUser" name="checkContentEncoding" time="0.008"/>
  <testcase classname="com.usersapi.testcases.TC002_Get_SingleUser" name="checkContentType" time="0.008"/>
  <testcase classname="com.usersapi.testcases.TC002_Get_SingleUser" name="checkResponseBody" time="0.009"/>
  <testcase classname="com.usersapi.testcases.TC002_Get_SingleUser" name="checkResponseTime" time="0.015"/>
  <testcase classname="com.usersapi.testcases.TC002_Get_SingleUser" name="checkServerType" time="0.006"/>
  <testcase classname="com.usersapi.testcases.TC002_Get_SingleUser" name="checkStatusCode" time="0.013"/>
  <testcase classname="com.usersapi.testcases.TC003_Post_CreateUser" name="checkContentType" time="0.008"/>
  <testcase classname="com.usersapi.testcases.TC003_Post_CreateUser" name="checkResponseBody" time="0.02"/>
  <testcase classname="com.usersapi.testcases.TC003_Post_CreateUser" name="checkServerType" time="0.009"/>
  <testcase classname="com.usersapi.testcases.TC003_Post_CreateUser" name="checkStatusCode" time="0.009"/>
  <testcase classname="com.usersapi.testcases.TC004_Put_UpdateExistingUserData" name="checkContentType" time="0.01"/>
  <testcase classname="com.usersapi.testcases.TC004_Put_UpdateExistingUserData" name="checkResponseBody" time="0.006"/>
  <testcase classname="com.usersapi.testcases.TC004_Put_UpdateExistingUserData" name="checkServerType" time="0.005"/>
  <testcase classname="com.usersapi.testcases.TC004_Put_UpdateExistingUserData" name="checkStatusCode" time="0.007"/>
  <testcase classname="com.usersapi.testcases.TC005_Delete_UserRecord" name="checkContentEncoding" time="0.009"/>
  <testcase classname="com.usersapi.testcases.TC005_Delete_UserRecord" name="checkContentType" time="0.008"/>
  <testcase classname="com.usersapi.testcases.TC005_Delete_UserRecord" name="checkResponseBody" time="0.008"/>
  <testcase classname="com.usersapi.testcases.TC005_Delete_UserRecord" name="checkResponseTime" time="0.003"/>
  <testcase classname="com.usersapi.testcases.TC005_Delete_UserRecord" name="checkServerType" time="0.004"/>
  <testcase classname="com.usersapi.testcases.TC005_Delete_UserRecord" name="checkStatusCode" time="0.006"/>
</testsuite> <!-- UsersRestAPITest -->
