<?xml version="1.0" encoding="UTF-8"?>
<!-- Generated by org.testng.reporters.JUnitXMLReporter -->
<testsuite ignored="0" hostname="DESKTOP-MPFHL4S" failures="0" tests="26" name="UsersRestAPITest" time="15.486" errors="0" timestamp="2022-12-05T16:58:02 IST">
  <testcase classname="com.usersapi.testcases.TC001_Get_ListUsers" name="checkContentEncoding" time="0.114"/>
  <testcase classname="com.usersapi.testcases.TC001_Get_ListUsers" name="checkContentType" time="0.005"/>
  <testcase classname="com.usersapi.testcases.TC001_Get_ListUsers" name="checkResponseBody" time="0.229"/>
  <testcase classname="com.usersapi.testcases.TC001_Get_ListUsers" name="checkResponseTime" time="0.014"/>
  <testcase classname="com.usersapi.testcases.TC001_Get_ListUsers" name="checkServerType" time="0.005"/>
  <testcase classname="com.usersapi.testcases.TC001_Get_ListUsers" name="checkStatusCode" time="0.008"/>
  <testcase classname="com.usersapi.testcases.TC002_Get_SingleUser" name="checkContentEncoding" time="0.007"/>
  <testcase classname="com.usersapi.testcases.TC002_Get_SingleUser" name="checkContentType" time="0.007"/>
  <testcase classname="com.usersapi.testcases.TC002_Get_SingleUser" name="checkResponseBody" time="0.022"/>
  <testcase classname="com.usersapi.testcases.TC002_Get_SingleUser" name="checkResponseTime" time="0.006"/>
  <testcase classname="com.usersapi.testcases.TC002_Get_SingleUser" name="checkServerType" time="0.006"/>
  <testcase classname="com.usersapi.testcases.TC002_Get_SingleUser" name="checkStatusCode" time="0.011"/>
  <testcase classname="com.usersapi.testcases.TC003_Post_CreateUser" name="checkContentType" time="0.004"/>
  <testcase classname="com.usersapi.testcases.TC003_Post_CreateUser" name="checkResponseBody" time="0.012"/>
  <testcase classname="com.usersapi.testcases.TC003_Post_CreateUser" name="checkServerType" time="0.005"/>
  <testcase classname="com.usersapi.testcases.TC003_Post_CreateUser" name="checkStatusCode" time="0.005"/>
  <testcase classname="com.usersapi.testcases.TC004_Put_UpdateExistingUserData" name="checkContentType" time="0.008"/>
  <testcase classname="com.usersapi.testcases.TC004_Put_UpdateExistingUserData" name="checkResponseBody" time="0.017"/>
  <testcase classname="com.usersapi.testcases.TC004_Put_UpdateExistingUserData" name="checkServerType" time="0.006"/>
  <testcase classname="com.usersapi.testcases.TC004_Put_UpdateExistingUserData" name="checkStatusCode" time="0.007"/>
  <testcase classname="com.usersapi.testcases.TC005_Delete_UserRecord" name="checkContentEncoding" time="0.003"/>
  <testcase classname="com.usersapi.testcases.TC005_Delete_UserRecord" name="checkContentType" time="0.005"/>
  <testcase classname="com.usersapi.testcases.TC005_Delete_UserRecord" name="checkResponseBody" time="0.006"/>
  <testcase classname="com.usersapi.testcases.TC005_Delete_UserRecord" name="checkResponseTime" time="0.005"/>
  <testcase classname="com.usersapi.testcases.TC005_Delete_UserRecord" name="checkServerType" time="0.006"/>
  <testcase classname="com.usersapi.testcases.TC005_Delete_UserRecord" name="checkStatusCode" time="0.009"/>
</testsuite> <!-- UsersRestAPITest -->
