<?xml version="1.0" encoding="UTF-8"?>
<!-- Generated by org.testng.reporters.JUnitXMLReporter -->
<testsuite ignored="0" hostname="DESKTOP-MPFHL4S" failures="0" tests="6" name="Default test" time="6.602" errors="0" timestamp="05 Dec 2022 05:58:28 GMT">
  <testcase classname="com.usersapi.testcases.TC005_Delete_UserRecord" name="checkContentEncoding" time="0.016"/>
  <testcase classname="com.usersapi.testcases.TC005_Delete_UserRecord" name="checkContentType" time="0.007"/>
  <testcase classname="com.usersapi.testcases.TC005_Delete_UserRecord" name="checkResponseBody" time="0.013"/>
  <testcase classname="com.usersapi.testcases.TC005_Delete_UserRecord" name="checkResponseTime" time="0.004"/>
  <testcase classname="com.usersapi.testcases.TC005_Delete_UserRecord" name="checkServerType" time="0.003"/>
  <testcase classname="com.usersapi.testcases.TC005_Delete_UserRecord" name="checkStatusCode" time="0.006"/>
</testsuite> <!-- Default test -->
